[2026-02-27T15:02:40.401+0000] {taskinstance.py:1956} INFO - Dependencies all met for dep_context=non-requeueable deps ti=<TaskInstance: products_pipeline_v2.extract manual__2026-02-27T12:02:06-03:00 [queued]>
[2026-02-27T15:02:40.410+0000] {taskinstance.py:1956} INFO - Dependencies all met for dep_context=requeueable deps ti=<TaskInstance: products_pipeline_v2.extract manual__2026-02-27T12:02:06-03:00 [queued]>
[2026-02-27T15:02:40.410+0000] {taskinstance.py:2170} INFO - Starting attempt 1 of 1
[2026-02-27T15:02:40.423+0000] {taskinstance.py:2191} INFO - Executing <Task(_PythonDecoratedOperator): extract> on 2026-02-27 15:02:06+00:00
[2026-02-27T15:02:40.427+0000] {standard_task_runner.py:60} INFO - Started process 644 to run task
[2026-02-27T15:02:40.431+0000] {standard_task_runner.py:87} INFO - Running: ['***', 'tasks', 'run', 'products_pipeline_v2', 'extract', 'manual__2026-02-27T12:02:06-03:00', '--job-id', '176', '--raw', '--subdir', 'DAGS_FOLDER/dag_pipeline_V2.py', '--cfg-path', '/tmp/tmpsdr4cz04']
[2026-02-27T15:02:40.434+0000] {standard_task_runner.py:88} INFO - Job 176: Subtask extract
[2026-02-27T15:02:40.494+0000] {task_command.py:423} INFO - Running <TaskInstance: products_pipeline_v2.extract manual__2026-02-27T12:02:06-03:00 [running]> on host 15dda9124bbc
[2026-02-27T15:02:40.587+0000] {taskinstance.py:2480} INFO - Exporting env vars: AIRFLOW_CTX_DAG_OWNER='***' AIRFLOW_CTX_DAG_ID='products_pipeline_v2' AIRFLOW_CTX_TASK_ID='extract' AIRFLOW_CTX_EXECUTION_DATE='2026-02-27T15:02:06+00:00' AIRFLOW_CTX_TRY_NUMBER='1' AIRFLOW_CTX_DAG_RUN_ID='manual__2026-02-27T12:02:06-03:00'
[2026-02-27T15:02:40.589+0000] {logging_mixin.py:188} INFO - ðŸ“ˆ INCREMENTAL
[2026-02-27T15:02:40.983+0000] {taskinstance.py:2698} ERROR - Task failed with exception
Traceback (most recent call last):
  File "/home/airflow/.local/lib/python3.8/site-packages/requests/models.py", line 971, in json
    return complexjson.loads(self.text, **kwargs)
  File "/usr/local/lib/python3.8/json/__init__.py", line 357, in loads
    return _default_decoder.decode(s)
  File "/usr/local/lib/python3.8/json/decoder.py", line 337, in decode
    obj, end = self.raw_decode(s, idx=_w(s, 0).end())
  File "/usr/local/lib/python3.8/json/decoder.py", line 355, in raw_decode
    raise JSONDecodeError("Expecting value", s, err.value) from None
json.decoder.JSONDecodeError: Expecting value: line 1 column 1 (char 0)

During handling of the above exception, another exception occurred:

Traceback (most recent call last):
  File "/home/airflow/.local/lib/python3.8/site-packages/airflow/models/taskinstance.py", line 433, in _execute_task
    result = execute_callable(context=context, **execute_callable_kwargs)
  File "/home/airflow/.local/lib/python3.8/site-packages/airflow/decorators/base.py", line 241, in execute
    return_value = super().execute(context)
  File "/home/airflow/.local/lib/python3.8/site-packages/airflow/operators/python.py", line 199, in execute
    return_value = self.execute_callable()
  File "/home/airflow/.local/lib/python3.8/site-packages/airflow/operators/python.py", line 216, in execute_callable
    return self.python_callable(*self.op_args, **self.op_kwargs)
  File "/opt/airflow/dags/dag_pipeline_V2.py", line 42, in extract
    extract_products(
  File "/opt/project/src/ingestion/extract_products_V4.py", line 45, in extract_products
    new_product = response.json()
  File "/home/airflow/.local/lib/python3.8/site-packages/requests/models.py", line 975, in json
    raise RequestsJSONDecodeError(e.msg, e.doc, e.pos)
requests.exceptions.JSONDecodeError: Expecting value: line 1 column 1 (char 0)
[2026-02-27T15:02:40.992+0000] {taskinstance.py:1138} INFO - Marking task as FAILED. dag_id=products_pipeline_v2, task_id=extract, execution_date=20260227T150206, start_date=20260227T150240, end_date=20260227T150240
[2026-02-27T15:02:41.004+0000] {standard_task_runner.py:107} ERROR - Failed to execute job 176 for task extract (Expecting value: line 1 column 1 (char 0); 644)
[2026-02-27T15:02:41.014+0000] {local_task_job_runner.py:234} INFO - Task exited with return code 1
[2026-02-27T15:02:41.035+0000] {taskinstance.py:3280} INFO - 0 downstream tasks scheduled from follow-on schedule check
