[2026-02-26T23:28:42.441+0000] {taskinstance.py:1956} INFO - Dependencies all met for dep_context=non-requeueable deps ti=<TaskInstance: products_pipeline_v2.extract scheduled__2026-02-26T23:27:00+00:00 [queued]>
[2026-02-26T23:28:42.450+0000] {taskinstance.py:1956} INFO - Dependencies all met for dep_context=requeueable deps ti=<TaskInstance: products_pipeline_v2.extract scheduled__2026-02-26T23:27:00+00:00 [queued]>
[2026-02-26T23:28:42.450+0000] {taskinstance.py:2170} INFO - Starting attempt 1 of 1
[2026-02-26T23:28:42.465+0000] {taskinstance.py:2191} INFO - Executing <Task(_PythonDecoratedOperator): extract> on 2026-02-26 23:27:00+00:00
[2026-02-26T23:28:42.470+0000] {standard_task_runner.py:60} INFO - Started process 918 to run task
[2026-02-26T23:28:42.473+0000] {standard_task_runner.py:87} INFO - Running: ['***', 'tasks', 'run', 'products_pipeline_v2', 'extract', 'scheduled__2026-02-26T23:27:00+00:00', '--job-id', '65', '--raw', '--subdir', 'DAGS_FOLDER/dag_pipeline_V2.py', '--cfg-path', '/tmp/tmpkp8ln1ke']
[2026-02-26T23:28:42.480+0000] {standard_task_runner.py:88} INFO - Job 65: Subtask extract
[2026-02-26T23:28:42.548+0000] {task_command.py:423} INFO - Running <TaskInstance: products_pipeline_v2.extract scheduled__2026-02-26T23:27:00+00:00 [running]> on host 96ad1ca8d15d
[2026-02-26T23:28:42.647+0000] {taskinstance.py:2480} INFO - Exporting env vars: AIRFLOW_CTX_DAG_OWNER='***' AIRFLOW_CTX_DAG_ID='products_pipeline_v2' AIRFLOW_CTX_TASK_ID='extract' AIRFLOW_CTX_EXECUTION_DATE='2026-02-26T23:27:00+00:00' AIRFLOW_CTX_TRY_NUMBER='1' AIRFLOW_CTX_DAG_RUN_ID='scheduled__2026-02-26T23:27:00+00:00'
[2026-02-26T23:28:42.648+0000] {taskinstance.py:2698} ERROR - Task failed with exception
Traceback (most recent call last):
  File "/home/airflow/.local/lib/python3.8/site-packages/airflow/models/taskinstance.py", line 433, in _execute_task
    result = execute_callable(context=context, **execute_callable_kwargs)
  File "/home/airflow/.local/lib/python3.8/site-packages/airflow/decorators/base.py", line 241, in execute
    return_value = super().execute(context)
  File "/home/airflow/.local/lib/python3.8/site-packages/airflow/operators/python.py", line 199, in execute
    return_value = self.execute_callable()
  File "/home/airflow/.local/lib/python3.8/site-packages/airflow/operators/python.py", line 216, in execute_callable
    return self.python_callable(*self.op_args, **self.op_kwargs)
  File "/opt/airflow/dags/dag_pipeline_V2.py", line 42, in extract
    extract_products(
TypeError: extract_products() got an unexpected keyword argument 'mode'
[2026-02-26T23:28:42.658+0000] {taskinstance.py:1138} INFO - Marking task as FAILED. dag_id=products_pipeline_v2, task_id=extract, execution_date=20260226T232700, start_date=20260226T232842, end_date=20260226T232842
[2026-02-26T23:28:42.674+0000] {standard_task_runner.py:107} ERROR - Failed to execute job 65 for task extract (extract_products() got an unexpected keyword argument 'mode'; 918)
[2026-02-26T23:28:42.692+0000] {local_task_job_runner.py:234} INFO - Task exited with return code 1
[2026-02-26T23:28:42.717+0000] {taskinstance.py:3280} INFO - 0 downstream tasks scheduled from follow-on schedule check
