[2026-02-26T21:29:20.087+0000] {taskinstance.py:1956} INFO - Dependencies all met for dep_context=non-requeueable deps ti=<TaskInstance: products_pipeline.load_silver scheduled__2026-02-25T00:00:00+00:00 [queued]>
[2026-02-26T21:29:20.105+0000] {taskinstance.py:1956} INFO - Dependencies all met for dep_context=requeueable deps ti=<TaskInstance: products_pipeline.load_silver scheduled__2026-02-25T00:00:00+00:00 [queued]>
[2026-02-26T21:29:20.105+0000] {taskinstance.py:2170} INFO - Starting attempt 1 of 1
[2026-02-26T21:29:20.123+0000] {taskinstance.py:2191} INFO - Executing <Task(_PythonDecoratedOperator): load_silver> on 2026-02-25 00:00:00+00:00
[2026-02-26T21:29:20.128+0000] {standard_task_runner.py:60} INFO - Started process 196 to run task
[2026-02-26T21:29:20.132+0000] {standard_task_runner.py:87} INFO - Running: ['***', 'tasks', 'run', 'products_pipeline', 'load_silver', 'scheduled__2026-02-25T00:00:00+00:00', '--job-id', '8', '--raw', '--subdir', 'DAGS_FOLDER/dag_pipeline.py', '--cfg-path', '/tmp/tmpn3sbykny']
[2026-02-26T21:29:20.135+0000] {standard_task_runner.py:88} INFO - Job 8: Subtask load_silver
[2026-02-26T21:29:20.212+0000] {task_command.py:423} INFO - Running <TaskInstance: products_pipeline.load_silver scheduled__2026-02-25T00:00:00+00:00 [running]> on host f4d1bd89bae4
[2026-02-26T21:29:20.541+0000] {taskinstance.py:2480} INFO - Exporting env vars: AIRFLOW_CTX_DAG_OWNER='***' AIRFLOW_CTX_DAG_ID='products_pipeline' AIRFLOW_CTX_TASK_ID='load_silver' AIRFLOW_CTX_EXECUTION_DATE='2026-02-25T00:00:00+00:00' AIRFLOW_CTX_TRY_NUMBER='1' AIRFLOW_CTX_DAG_RUN_ID='scheduled__2026-02-25T00:00:00+00:00'
[2026-02-26T21:29:20.554+0000] {taskinstance.py:2698} ERROR - Task failed with exception
Traceback (most recent call last):
  File "/home/airflow/.local/lib/python3.8/site-packages/airflow/models/taskinstance.py", line 433, in _execute_task
    result = execute_callable(context=context, **execute_callable_kwargs)
  File "/home/airflow/.local/lib/python3.8/site-packages/airflow/decorators/base.py", line 241, in execute
    return_value = super().execute(context)
  File "/home/airflow/.local/lib/python3.8/site-packages/airflow/operators/python.py", line 199, in execute
    return_value = self.execute_callable()
  File "/home/airflow/.local/lib/python3.8/site-packages/airflow/operators/python.py", line 216, in execute_callable
    return self.python_callable(*self.op_args, **self.op_kwargs)
  File "/opt/airflow/dags/dag_pipeline.py", line 42, in load_silver
    load_products(df)
  File "/opt/project/src/loading/postgres_loader.py", line 36, in load_products
    engine = get_engine()
  File "/opt/project/src/loading/postgres_loader.py", line 9, in get_engine
    return create_engine(
  File "<string>", line 2, in create_engine
  File "/home/airflow/.local/lib/python3.8/site-packages/sqlalchemy/util/deprecations.py", line 375, in warned
    return fn(*args, **kwargs)
  File "/home/airflow/.local/lib/python3.8/site-packages/sqlalchemy/engine/create.py", line 514, in create_engine
    u = _url.make_url(url)
  File "/home/airflow/.local/lib/python3.8/site-packages/sqlalchemy/engine/url.py", line 738, in make_url
    return _parse_url(name_or_url)
  File "/home/airflow/.local/lib/python3.8/site-packages/sqlalchemy/engine/url.py", line 794, in _parse_url
    components["port"] = int(components["port"])
ValueError: invalid literal for int() with base 10: 'None'
[2026-02-26T21:29:20.563+0000] {taskinstance.py:1138} INFO - Marking task as FAILED. dag_id=products_pipeline, task_id=load_silver, execution_date=20260225T000000, start_date=20260226T212920, end_date=20260226T212920
[2026-02-26T21:29:20.578+0000] {standard_task_runner.py:107} ERROR - Failed to execute job 8 for task load_silver (invalid literal for int() with base 10: 'None'; 196)
[2026-02-26T21:29:20.591+0000] {local_task_job_runner.py:234} INFO - Task exited with return code 1
[2026-02-26T21:29:20.621+0000] {taskinstance.py:3280} INFO - 0 downstream tasks scheduled from follow-on schedule check
[2026-02-26T22:24:50.524+0000] {taskinstance.py:1956} INFO - Dependencies all met for dep_context=non-requeueable deps ti=<TaskInstance: products_pipeline.load_silver scheduled__2026-02-25T00:00:00+00:00 [queued]>
[2026-02-26T22:24:50.636+0000] {taskinstance.py:1956} INFO - Dependencies all met for dep_context=requeueable deps ti=<TaskInstance: products_pipeline.load_silver scheduled__2026-02-25T00:00:00+00:00 [queued]>
[2026-02-26T22:24:50.636+0000] {taskinstance.py:2170} INFO - Starting attempt 1 of 1
[2026-02-26T22:24:50.650+0000] {taskinstance.py:2191} INFO - Executing <Task(_PythonDecoratedOperator): load_silver> on 2026-02-25 00:00:00+00:00
[2026-02-26T22:24:50.654+0000] {standard_task_runner.py:60} INFO - Started process 199 to run task
[2026-02-26T22:24:50.658+0000] {standard_task_runner.py:87} INFO - Running: ['***', 'tasks', 'run', 'products_pipeline', 'load_silver', 'scheduled__2026-02-25T00:00:00+00:00', '--job-id', '8', '--raw', '--subdir', 'DAGS_FOLDER/dag_pipeline.py', '--cfg-path', '/tmp/tmpg2izs1kh']
[2026-02-26T22:24:50.660+0000] {standard_task_runner.py:88} INFO - Job 8: Subtask load_silver
[2026-02-26T22:24:50.722+0000] {task_command.py:423} INFO - Running <TaskInstance: products_pipeline.load_silver scheduled__2026-02-25T00:00:00+00:00 [running]> on host 6470fb5728f7
[2026-02-26T22:24:50.816+0000] {taskinstance.py:2480} INFO - Exporting env vars: AIRFLOW_CTX_DAG_OWNER='***' AIRFLOW_CTX_DAG_ID='products_pipeline' AIRFLOW_CTX_TASK_ID='load_silver' AIRFLOW_CTX_EXECUTION_DATE='2026-02-25T00:00:00+00:00' AIRFLOW_CTX_TRY_NUMBER='1' AIRFLOW_CTX_DAG_RUN_ID='scheduled__2026-02-25T00:00:00+00:00'
[2026-02-26T22:24:50.829+0000] {taskinstance.py:2698} ERROR - Task failed with exception
Traceback (most recent call last):
  File "/home/airflow/.local/lib/python3.8/site-packages/airflow/models/taskinstance.py", line 433, in _execute_task
    result = execute_callable(context=context, **execute_callable_kwargs)
  File "/home/airflow/.local/lib/python3.8/site-packages/airflow/decorators/base.py", line 241, in execute
    return_value = super().execute(context)
  File "/home/airflow/.local/lib/python3.8/site-packages/airflow/operators/python.py", line 199, in execute
    return_value = self.execute_callable()
  File "/home/airflow/.local/lib/python3.8/site-packages/airflow/operators/python.py", line 216, in execute_callable
    return self.python_callable(*self.op_args, **self.op_kwargs)
  File "/opt/airflow/dags/dag_pipeline.py", line 42, in load_silver
    load_products(df)
  File "/opt/project/src/loading/postgres_loader.py", line 44, in load_products
    engine = get_engine()
  File "/opt/project/src/loading/postgres_loader.py", line 16, in get_engine
    return create_engine(
  File "<string>", line 2, in create_engine
  File "/home/airflow/.local/lib/python3.8/site-packages/sqlalchemy/util/deprecations.py", line 375, in warned
    return fn(*args, **kwargs)
  File "/home/airflow/.local/lib/python3.8/site-packages/sqlalchemy/engine/create.py", line 514, in create_engine
    u = _url.make_url(url)
  File "/home/airflow/.local/lib/python3.8/site-packages/sqlalchemy/engine/url.py", line 738, in make_url
    return _parse_url(name_or_url)
  File "/home/airflow/.local/lib/python3.8/site-packages/sqlalchemy/engine/url.py", line 794, in _parse_url
    components["port"] = int(components["port"])
ValueError: invalid literal for int() with base 10: 'None'
[2026-02-26T22:24:50.838+0000] {taskinstance.py:1138} INFO - Marking task as FAILED. dag_id=products_pipeline, task_id=load_silver, execution_date=20260225T000000, start_date=20260226T222450, end_date=20260226T222450
[2026-02-26T22:24:50.849+0000] {standard_task_runner.py:107} ERROR - Failed to execute job 8 for task load_silver (invalid literal for int() with base 10: 'None'; 199)
[2026-02-26T22:24:50.874+0000] {local_task_job_runner.py:234} INFO - Task exited with return code 1
[2026-02-26T22:24:50.926+0000] {taskinstance.py:3280} INFO - 0 downstream tasks scheduled from follow-on schedule check
